info it worked if it ends with ok
verbose cli [ 'node', '/usr/local/bin/npm', 'install', '-g', 'nide' ]
info using npm@1.1.21
info using node@v0.8.3
verbose /usr/local/bin/node node symlink
verbose config file /Users/vectorsize/.npmrc
verbose config file /usr/local/etc/npmrc
verbose config file /usr/local/lib/node_modules/npm/npmrc
verbose cache add [ 'nide', null ]
silly cache add: name, spec, args [ undefined, 'nide', [ 'nide', null ] ]
verbose parsed url { pathname: 'nide', path: 'nide', href: 'nide' }
verbose addNamed [ 'nide', '' ]
verbose addNamed [ null, '' ]
silly name, range, hasData [ 'nide', '', false ]
verbose raw, before any munging nide
verbose url resolving [ 'https://registry.npmjs.org/', './nide' ]
verbose url resolved https://registry.npmjs.org/nide
http GET https://registry.npmjs.org/nide
http 200 https://registry.npmjs.org/nide
silly get cb [ 200,
silly get cb   { vary: 'Accept',
silly get cb     server: 'CouchDB/1.2.0 (Erlang OTP/R15B)',
silly get cb     etag: '"D5XAJUMX66BWQEDNJSB0A2S5N"',
silly get cb     date: 'Thu, 02 Aug 2012 00:50:51 GMT',
silly get cb     'content-type': 'application/json',
silly get cb     'content-length': '11784' } ]
silly name, range, hasData 2 [ 'nide', '', true ]
silly versions [ 'nide', [] ]
ERR! Error: No compatible version found: nide
ERR! No valid targets found.
ERR! Perhaps not compatible with your version of node?
ERR!     at installTargetsError (/usr/local/lib/node_modules/npm/lib/cache.js:486:10)
ERR!     at next_ (/usr/local/lib/node_modules/npm/lib/cache.js:436:17)
ERR!     at next (/usr/local/lib/node_modules/npm/lib/cache.js:413:44)
ERR!     at /usr/local/lib/node_modules/npm/lib/cache.js:406:5
ERR!     at saved (/usr/local/lib/node_modules/npm/lib/utils/npm-registry-client/get.js:151:7)
ERR!     at /usr/local/lib/node_modules/npm/node_modules/graceful-fs/graceful-fs.js:230:7
ERR!     at Object.oncomplete (fs.js:297:15)
ERR! You may report this log at:
ERR!     <http://github.com/isaacs/npm/issues>
ERR! or email it to:
ERR!     <npm-@googlegroups.com>
ERR! 
ERR! System Darwin 11.4.0
ERR! command "node" "/usr/local/bin/npm" "install" "-g" "nide"
ERR! cwd /Users/vectorsize/Dropbox/www/substance/surface
ERR! node -v v0.8.3
ERR! npm -v 1.1.21
ERR! message No compatible version found: nide
ERR! message No valid targets found.
ERR! message Perhaps not compatible with your version of node?
verbose exit [ 1, true ]
